make all --print-data-base --no-builtin-variables --no-builtin-rules --question
# GNU Make 3.81
# Copyright (C) 2006  Free Software Foundation, Inc.
# This is free software; see the source for copying conditions.
# There is NO warranty; not even for MERCHANTABILITY or FITNESS FOR A
# PARTICULAR PURPOSE.

# This program built for i386-apple-darwin11.3.0
 

# Make data base, printed on Fri Jun 17 20:41:38 2022

# Variables

# automatic
<D = $(patsubst %/,%,$(dir $<))
# automatic
?F = $(notdir $?)
# environment
VSCODE_LOG_NATIVE = false
# automatic
?D = $(patsubst %/,%,$(dir $?))
# automatic
@D = $(patsubst %/,%,$(dir $@))
# automatic
@F = $(notdir $@)
# makefile
CURDIR := /Users/iouazzan/Desktop/pipex
# makefile
SHELL = /bin/sh
# environment
VSCODE_NLS_CONFIG = {"locale":"en-us","availableLanguages":{},"_languagePackSupport":true}
# environment
_ = /usr/bin/make
# makefile (from `Makefile', line 1)
MAKEFILE_LIST :=  Makefile
# makefile (from `Makefile', line 9)
PIP = pipex_bonus
# makefile (from `Makefile', line 7)
DEBUG = -fsanitize=address -g
# environment
VSCODE_VERBOSE_LOGGING = true
# makefile (from `Makefile', line 4)
BONUS = pipex_bonus.c pipex_utl_bonus.c get_next_line.c get_next_line_utils.c pipex_heredoc.c $(VRLIBFT) $(VRPRINTF) $(VRGET_NEXT)
# environment
VSCODE_IPC_HOOK_EXTHOST = /var/folders/zz/zyxvpxvq6csfxvn_n0000hd800043_/T/vscode-ipc-9cd12c27-7f54-4234-85f3-851a3341c170.sock
# environment
VSCODE_CWD = /
# environment
Apple_PubSub_Socket_Render = /private/tmp/com.apple.launchd.S9teVqvoqE/Render
# environment
PATH = /usr/local/bin:/usr/bin:/bin:/usr/sbin:/sbin:/usr/local/munki
# makefile (from `Makefile', line 2)
VRPRINTF = printf/libftprintf.a
# environment
LSCOLORS = Gxfxcxdxbxegedabagacad
# environment
VSCODE_LOG_STACK = false
# environment
ELECTRON_RUN_AS_NODE = 1
# default
.FEATURES := target-specific order-only second-expansion else-if archives jobserver check-symlink
# environment
SSH_AUTH_SOCK = /private/tmp/com.apple.launchd.q5mkfr5ZJi/Listeners
# automatic
%F = $(notdir $%)
# makefile (from `Makefile', line 10)
O_MANDATORY = $(MANDATORY:%.c=%.o)
# environment
VSCODE_PIPE_LOGGING = true
# environment
PWD = /Users/iouazzan/Desktop/pipex
# environment
ORIGINAL_XDG_CURRENT_DESKTOP = undefined
# environment
VSCODE_AMD_ENTRYPOINT = vs/workbench/api/node/extensionHostProcess
# environment
HOME = /Users/iouazzan
# default
MAKEFILEPATH := /Applications/Xcode.app/Contents/Developer/Makefiles
# environment
VSCODE_CODE_CACHE_PATH = /Users/iouazzan/Library/Application Support/Code/CachedData/4af164ea3a06f701fe3e89a2bcbb421d2026b68f
# environment
LOGNAME = iouazzan
# environment
APPLICATION_INSIGHTS_NO_DIAGNOSTIC_CHANNEL = 1
# environment
ZSH = /Users/iouazzan/.oh-my-zsh
# environment
VSCODE_HANDLES_UNCAUGHT_ERRORS = true
# automatic
^D = $(patsubst %/,%,$(dir $^))
# makefile (from `Makefile', line 11)
O_BONUS = $(BONUS:%.c=%.o)
# environment
XPC_FLAGS = 0x0
# default
MAKE = $(MAKE_COMMAND)
# default
MAKECMDGOALS := all
# environment
SHLVL = 1
# makefile (from `Makefile', line 5)
CC = cc
# default
MAKE_VERSION := 3.81
# environment
USER = iouazzan
# makefile
.DEFAULT_GOAL := all
# makefile (from `Makefile', line 8)
NAME = pipex
# environment
LESS = -R
# automatic
%D = $(patsubst %/,%,$(dir $%))
# default
MAKE_COMMAND := /Applications/Xcode.app/Contents/Developer/usr/bin/make
# default
.VARIABLES := 
# environment
TMPDIR = /var/folders/zz/zyxvpxvq6csfxvn_n0000hd800043_/T/
# automatic
*F = $(notdir $*)
# environment
VSCODE_IPC_HOOK = /Users/iouazzan/Library/Application Support/Code/1.68.0-main.sock
# makefile
MAKEFLAGS = Rrqp
# environment
MFLAGS = -Rrqp
# automatic
*D = $(patsubst %/,%,$(dir $*))
# environment
XPC_SERVICE_NAME = com.apple.xpc.launchd.oneshot.0x10000001.Electron
# automatic
+D = $(patsubst %/,%,$(dir $+))
# automatic
+F = $(notdir $+)
# environment
__CF_USER_TEXT_ENCODING = 0x106A:0x0:0x0
# environment
COMMAND_MODE = unix2003
# default
MAKEFILES := 
 
# automatic
<F = $(notdir $<)
# environment
PAGER = less
# environment
LC_ALL = C
# environment
SECURITYSESSIONID = 186a8
# automatic
^F = $(notdir $^)
# default
SUFFIXES := 
# makefile (from `Makefile', line 6)
FLAGS = -Wall -Werror -Wextra
# makefile (from `Makefile', line 3)
MANDATORY = pipex.c pipex_utl.c $(VRLIBFT) $(VRPRINTF)
# makefile (from `Makefile', line 1)
VRLIBFT = libft/libft.a
# default
.INCLUDE_DIRS = /usr/local/include
# environment
MAKELEVEL := 0
# environment
LANG = C
# environment
VSCODE_PID = 1412
# variable set hash-table stats:
# Load=78/1024=8%, Rehash=0, Collisions=2/110=2%

# Pattern-specific Variable Values

# No pattern-specific variable values.

# Directories

# . (device 16777229, inode 1615209): 28 files, no impossibilities.

# 28 files, no impossibilities in 1 directories.

# Implicit Rules

# No implicit rules.

# Files

all: pipex
#  Command-line target.
#  Implicit rule search has been done.
#  File does not exist.
#  File has been updated.
#  Successfully updated.
# variable set hash-table stats:
# Load=0/32=0%, Rehash=0, Collisions=0/0=0%

printf/libftprintf.a:
#  Implicit rule search has not been done.
#  Last modified 2022-06-17 17:53:07
#  File has been updated.
#  Successfully updated.
#  commands to execute (from `Makefile', line 17):
	make re -C printf
	

# Not a target:
.SUFFIXES:
#  Implicit rule search has not been done.
#  Modification time never checked.
#  File has not been updated.

# Not a target:
Makefile:
#  Implicit rule search has been done.
#  Last modified 2022-06-17 15:31:41
#  File has been updated.
#  Successfully updated.
# variable set hash-table stats:
# Load=0/32=0%, Rehash=0, Collisions=0/0=0%

debug:
#  Implicit rule search has not been done.
#  Modification time never checked.
#  File has not been updated.
#  commands to execute (from `Makefile', line 22):
	gcc $(FLAGS) $(DEBUG) $(MANDATORY) -o $(NAME)
	

libft/libft.a:
#  Implicit rule search has not been done.
#  Last modified 2022-06-17 17:53:09
#  File has been updated.
#  Successfully updated.
#  commands to execute (from `Makefile', line 15):
	make re -C libft
	

bonus: pipex_bonus
#  Implicit rule search has not been done.
#  Modification time never checked.
#  File has not been updated.

fclean:
#  Implicit rule search has not been done.
#  Modification time never checked.
#  File has not been updated.
#  commands to execute (from `Makefile', line 35):
	make fclean -C libft
	make fclean -C printf
	rm -rf *.o $(NAME) $(PIP)
	

# Not a target:
.DEFAULT:
#  Implicit rule search has not been done.
#  Modification time never checked.
#  File has not been updated.

re: fclean all
#  Implicit rule search has not been done.
#  Modification time never checked.
#  File has not been updated.

clean:
#  Implicit rule search has not been done.
#  Modification time never checked.
#  File has not been updated.
#  commands to execute (from `Makefile', line 30):
	make clean -C libft
	make clean -C printf
	rm -rf *.o
	

pipex_bonus:
#  Implicit rule search has not been done.
#  Modification time never checked.
#  File has not been updated.
#  commands to execute (from `Makefile', line 27):
	gcc $(FLAGS) $(BONUS) $(DEBUG)  -o $(PIP) -g
	

pipex: printf/libftprintf.a libft/libft.a
#  Implicit rule search has not been done.
#  Last modified 2022-06-17 17:53:09
#  File has been updated.
#  Successfully updated.
#  commands to execute (from `Makefile', line 19):
	gcc $(FLAGS) $(MANDATORY) -o $(NAME) -fsanitize=address -g
	

# files hash-table stats:
# Load=13/1024=1%, Rehash=0, Collisions=0/32=0%
# VPATH Search Paths

# No `vpath' search paths.

# No general (`VPATH' variable) search path.

# # of strings in strcache: 1
# # of strcache buffers: 1
# strcache size: total = 4096 / max = 4096 / min = 4096 / avg = 4096
# strcache free: total = 4087 / max = 4087 / min = 4087 / avg = 4087

# Finished Make data base on Fri Jun 17 20:41:38 2022

 
